<?xml version="1.0" encoding="UTF-8"?>
<!-- Generated by org.testng.reporters.JUnitReportReporter -->
<testsuite skipped="0" hostname="comp25" name="com.exam.Q1_JunitToTestNG.Q1JunitToTestNgApplicationTests" tests="1" failures="0" timestamp="15 Jun 2019 06:47:16 GMT" time="0.013" errors="0">
  <testcase name="contextLoads" time="0.013" classname="com.exam.Q1_JunitToTestNG.Q1JunitToTestNgApplicationTests"/>
</testsuite> <!-- com.exam.Q1_JunitToTestNG.Q1JunitToTestNgApplicationTests -->
